{"contracts/SimpleSwap.sol":{"l":{"67":6,"69":6,"103":4,"104":3,"105":3,"108":3,"109":1,"110":1,"111":1,"114":2,"116":2,"117":2,"118":2,"119":2,"121":0,"122":0,"123":0,"124":0,"127":2,"132":3,"135":3,"136":3,"139":3,"140":3,"141":3,"144":3,"146":3,"174":1,"175":1,"177":1,"178":1,"181":1,"182":1,"184":1,"185":1,"188":1,"189":1,"190":1,"192":1,"195":1,"196":1,"198":1,"218":2,"219":2,"235":0,"236":0,"237":0,"239":0,"262":2,"263":2,"265":2,"266":2,"267":2,"270":1,"271":1,"273":1,"274":1,"277":1,"278":1,"281":1,"282":1},"path":"/home/fmalaspina/simpleswap-dapp/backend/contracts/SimpleSwap.sol","s":{"1":6,"2":4,"3":3,"4":3,"5":3,"6":2,"7":2,"8":2,"9":0,"10":0,"11":3,"12":3,"13":3,"14":3,"15":3,"16":1,"17":1,"18":1,"19":1,"20":1,"21":1,"22":1,"23":1,"24":1,"25":1,"26":2,"27":0,"28":0,"29":0,"30":2,"31":2,"32":2,"33":2,"34":2,"35":1,"36":1,"37":1,"38":1,"39":1,"40":1},"b":{"1":[5,1],"2":[3,1],"3":[1,2],"4":[2,0],"5":[2,0],"6":[0,0],"7":[3,0],"8":[1,0],"9":[1,0],"10":[1,0],"11":[1,0],"12":[2,0],"13":[0,0],"14":[2,0],"15":[2,0],"16":[1,1],"17":[1,0]},"f":{"1":1,"2":6,"3":4,"4":1,"5":2,"6":0,"7":2},"fnMap":{"1":{"name":"constructor","line":49,"loc":{"start":{"line":49,"column":4},"end":{"line":49,"column":50}}},"2":{"name":"_key","line":62,"loc":{"start":{"line":62,"column":4},"end":{"line":70,"column":4}}},"3":{"name":"addLiquidity","line":90,"loc":{"start":{"line":90,"column":4},"end":{"line":147,"column":4}}},"4":{"name":"removeLiquidity","line":165,"loc":{"start":{"line":165,"column":4},"end":{"line":199,"column":4}}},"5":{"name":"getAmountOut","line":213,"loc":{"start":{"line":213,"column":4},"end":{"line":220,"column":4}}},"6":{"name":"getPrice","line":230,"loc":{"start":{"line":230,"column":4},"end":{"line":240,"column":4}}},"7":{"name":"swapExactTokensForTokens","line":255,"loc":{"start":{"line":255,"column":4},"end":{"line":285,"column":4}}}},"statementMap":{"1":{"start":{"line":67,"column":8},"end":{"line":67,"column":2516}},"2":{"start":{"line":103,"column":8},"end":{"line":103,"column":54}},"3":{"start":{"line":104,"column":8},"end":{"line":104,"column":46}},"4":{"start":{"line":105,"column":8},"end":{"line":105,"column":40}},"5":{"start":{"line":108,"column":8},"end":{"line":108,"column":4069}},"6":{"start":{"line":114,"column":12},"end":{"line":114,"column":76}},"7":{"start":{"line":116,"column":12},"end":{"line":116,"column":4430}},"8":{"start":{"line":117,"column":16},"end":{"line":117,"column":66}},"9":{"start":{"line":121,"column":16},"end":{"line":121,"column":80}},"10":{"start":{"line":122,"column":16},"end":{"line":122,"column":66}},"11":{"start":{"line":132,"column":8},"end":{"line":132,"column":38}},"12":{"start":{"line":135,"column":8},"end":{"line":135,"column":74}},"13":{"start":{"line":136,"column":8},"end":{"line":136,"column":74}},"14":{"start":{"line":144,"column":8},"end":{"line":144,"column":27}},"15":{"start":{"line":146,"column":8},"end":{"line":146,"column":52}},"16":{"start":{"line":174,"column":8},"end":{"line":174,"column":54}},"17":{"start":{"line":175,"column":8},"end":{"line":175,"column":60}},"18":{"start":{"line":177,"column":8},"end":{"line":177,"column":46}},"19":{"start":{"line":178,"column":8},"end":{"line":178,"column":40}},"20":{"start":{"line":184,"column":8},"end":{"line":184,"column":55}},"21":{"start":{"line":185,"column":8},"end":{"line":185,"column":55}},"22":{"start":{"line":192,"column":8},"end":{"line":192,"column":35}},"23":{"start":{"line":195,"column":8},"end":{"line":195,"column":47}},"24":{"start":{"line":196,"column":8},"end":{"line":196,"column":47}},"25":{"start":{"line":198,"column":8},"end":{"line":198,"column":41}},"26":{"start":{"line":218,"column":8},"end":{"line":218,"column":77}},"27":{"start":{"line":235,"column":8},"end":{"line":235,"column":41}},"28":{"start":{"line":236,"column":8},"end":{"line":236,"column":33}},"29":{"start":{"line":237,"column":8},"end":{"line":237,"column":63}},"30":{"start":{"line":262,"column":8},"end":{"line":262,"column":54}},"31":{"start":{"line":263,"column":8},"end":{"line":263,"column":62}},"32":{"start":{"line":265,"column":8},"end":{"line":265,"column":42}},"33":{"start":{"line":266,"column":8},"end":{"line":266,"column":33}},"34":{"start":{"line":267,"column":8},"end":{"line":267,"column":50}},"35":{"start":{"line":270,"column":8},"end":{"line":270,"column":36}},"36":{"start":{"line":271,"column":8},"end":{"line":271,"column":36}},"37":{"start":{"line":273,"column":8},"end":{"line":273,"column":70}},"38":{"start":{"line":274,"column":8},"end":{"line":274,"column":53}},"39":{"start":{"line":277,"column":8},"end":{"line":277,"column":72}},"40":{"start":{"line":278,"column":8},"end":{"line":278,"column":46}}},"branchMap":{"1":{"line":68,"type":"if","locations":[{"start":{"line":68,"column":30},"end":{"line":68,"column":45}},{"start":{"line":68,"column":49},"end":{"line":68,"column":64}}]},"2":{"line":103,"type":"if","locations":[{"start":{"line":103,"column":8},"end":{"line":103,"column":8}},{"start":{"line":103,"column":8},"end":{"line":103,"column":8}}]},"3":{"line":108,"type":"if","locations":[{"start":{"line":108,"column":8},"end":{"line":108,"column":8}},{"start":{"line":108,"column":8},"end":{"line":108,"column":8}}]},"4":{"line":116,"type":"if","locations":[{"start":{"line":116,"column":12},"end":{"line":116,"column":12}},{"start":{"line":116,"column":12},"end":{"line":116,"column":12}}]},"5":{"line":117,"type":"if","locations":[{"start":{"line":117,"column":16},"end":{"line":117,"column":16}},{"start":{"line":117,"column":16},"end":{"line":117,"column":16}}]},"6":{"line":122,"type":"if","locations":[{"start":{"line":122,"column":16},"end":{"line":122,"column":16}},{"start":{"line":122,"column":16},"end":{"line":122,"column":16}}]},"7":{"line":132,"type":"if","locations":[{"start":{"line":132,"column":8},"end":{"line":132,"column":8}},{"start":{"line":132,"column":8},"end":{"line":132,"column":8}}]},"8":{"line":174,"type":"if","locations":[{"start":{"line":174,"column":8},"end":{"line":174,"column":8}},{"start":{"line":174,"column":8},"end":{"line":174,"column":8}}]},"9":{"line":175,"type":"if","locations":[{"start":{"line":175,"column":8},"end":{"line":175,"column":8}},{"start":{"line":175,"column":8},"end":{"line":175,"column":8}}]},"10":{"line":184,"type":"if","locations":[{"start":{"line":184,"column":8},"end":{"line":184,"column":8}},{"start":{"line":184,"column":8},"end":{"line":184,"column":8}}]},"11":{"line":185,"type":"if","locations":[{"start":{"line":185,"column":8},"end":{"line":185,"column":8}},{"start":{"line":185,"column":8},"end":{"line":185,"column":8}}]},"12":{"line":218,"type":"if","locations":[{"start":{"line":218,"column":8},"end":{"line":218,"column":8}},{"start":{"line":218,"column":8},"end":{"line":218,"column":8}}]},"13":{"line":237,"type":"if","locations":[{"start":{"line":237,"column":8},"end":{"line":237,"column":8}},{"start":{"line":237,"column":8},"end":{"line":237,"column":8}}]},"14":{"line":262,"type":"if","locations":[{"start":{"line":262,"column":8},"end":{"line":262,"column":8}},{"start":{"line":262,"column":8},"end":{"line":262,"column":8}}]},"15":{"line":263,"type":"if","locations":[{"start":{"line":263,"column":8},"end":{"line":263,"column":8}},{"start":{"line":263,"column":8},"end":{"line":263,"column":8}}]},"16":{"line":267,"type":"if","locations":[{"start":{"line":267,"column":8},"end":{"line":267,"column":8}},{"start":{"line":267,"column":8},"end":{"line":267,"column":8}}]},"17":{"line":274,"type":"if","locations":[{"start":{"line":274,"column":8},"end":{"line":274,"column":8}},{"start":{"line":274,"column":8},"end":{"line":274,"column":8}}]}}},"contracts/Token.sol":{"l":{"14":3,"18":6},"path":"/home/fmalaspina/simpleswap-dapp/backend/contracts/Token.sol","s":{"1":3,"2":6},"b":{},"f":{"1":3,"2":6},"fnMap":{"1":{"name":"constructor","line":11,"loc":{"start":{"line":10,"column":4},"end":{"line":15,"column":4}}},"2":{"name":"mint","line":17,"loc":{"start":{"line":17,"column":4},"end":{"line":19,"column":4}}}},"statementMap":{"1":{"start":{"line":14,"column":8},"end":{"line":14,"column":35}},"2":{"start":{"line":18,"column":8},"end":{"line":18,"column":24}}},"branchMap":{}}}