{"contracts/SimpleSwap.sol":{"l":{"68":6,"70":6,"104":4,"105":3,"106":3,"109":3,"110":1,"111":1,"112":1,"115":2,"117":2,"118":2,"119":2,"120":2,"122":0,"123":0,"124":0,"125":0,"128":2,"133":3,"136":3,"137":3,"140":3,"141":3,"142":3,"143":3,"146":3,"148":3,"176":1,"177":1,"179":1,"181":1,"183":1,"184":1,"186":1,"187":1,"190":1,"191":1,"192":1,"194":1,"195":1,"198":1,"199":1,"201":1,"221":2,"222":2,"238":0,"239":0,"241":0,"243":0,"266":2,"267":2,"269":2,"270":2,"271":2,"274":1,"275":1,"277":1,"278":1,"281":1,"282":1,"285":1,"286":1,"288":1},"path":"/home/fmalaspina/simpleswap-dapp/backend/contracts/SimpleSwap.sol","s":{"1":6,"2":4,"3":3,"4":3,"5":3,"6":2,"7":2,"8":2,"9":0,"10":0,"11":3,"12":3,"13":3,"14":3,"15":3,"16":1,"17":1,"18":1,"19":1,"20":1,"21":1,"22":1,"23":1,"24":1,"25":1,"26":2,"27":0,"28":0,"29":0,"30":2,"31":2,"32":2,"33":2,"34":2,"35":1,"36":1,"37":1,"38":1,"39":1,"40":1},"b":{"1":[5,1],"2":[3,1],"3":[1,2],"4":[2,0],"5":[2,0],"6":[0,0],"7":[3,0],"8":[1,0],"9":[1,0],"10":[1,0],"11":[1,0],"12":[2,0],"13":[0,0],"14":[2,0],"15":[2,0],"16":[1,1],"17":[1,0]},"f":{"1":1,"2":6,"3":4,"4":1,"5":2,"6":0,"7":2},"fnMap":{"1":{"name":"constructor","line":50,"loc":{"start":{"line":50,"column":4},"end":{"line":50,"column":50}}},"2":{"name":"_key","line":63,"loc":{"start":{"line":63,"column":4},"end":{"line":71,"column":4}}},"3":{"name":"addLiquidity","line":91,"loc":{"start":{"line":91,"column":4},"end":{"line":149,"column":4}}},"4":{"name":"removeLiquidity","line":167,"loc":{"start":{"line":167,"column":4},"end":{"line":202,"column":4}}},"5":{"name":"getAmountOut","line":216,"loc":{"start":{"line":216,"column":4},"end":{"line":223,"column":4}}},"6":{"name":"getPrice","line":233,"loc":{"start":{"line":233,"column":4},"end":{"line":244,"column":4}}},"7":{"name":"swapExactTokensForTokens","line":259,"loc":{"start":{"line":259,"column":4},"end":{"line":290,"column":4}}}},"statementMap":{"1":{"start":{"line":68,"column":8},"end":{"line":68,"column":2521}},"2":{"start":{"line":104,"column":8},"end":{"line":104,"column":54}},"3":{"start":{"line":105,"column":8},"end":{"line":105,"column":46}},"4":{"start":{"line":106,"column":8},"end":{"line":106,"column":39}},"5":{"start":{"line":109,"column":8},"end":{"line":109,"column":4081}},"6":{"start":{"line":115,"column":12},"end":{"line":115,"column":78}},"7":{"start":{"line":117,"column":12},"end":{"line":117,"column":4445}},"8":{"start":{"line":118,"column":16},"end":{"line":118,"column":66}},"9":{"start":{"line":122,"column":16},"end":{"line":122,"column":82}},"10":{"start":{"line":123,"column":16},"end":{"line":123,"column":66}},"11":{"start":{"line":133,"column":8},"end":{"line":133,"column":38}},"12":{"start":{"line":136,"column":8},"end":{"line":136,"column":74}},"13":{"start":{"line":137,"column":8},"end":{"line":137,"column":74}},"14":{"start":{"line":146,"column":8},"end":{"line":146,"column":27}},"15":{"start":{"line":148,"column":8},"end":{"line":148,"column":52}},"16":{"start":{"line":176,"column":8},"end":{"line":176,"column":54}},"17":{"start":{"line":177,"column":8},"end":{"line":177,"column":60}},"18":{"start":{"line":179,"column":8},"end":{"line":179,"column":46}},"19":{"start":{"line":181,"column":8},"end":{"line":181,"column":40}},"20":{"start":{"line":186,"column":8},"end":{"line":186,"column":55}},"21":{"start":{"line":187,"column":8},"end":{"line":187,"column":55}},"22":{"start":{"line":195,"column":8},"end":{"line":195,"column":35}},"23":{"start":{"line":198,"column":8},"end":{"line":198,"column":47}},"24":{"start":{"line":199,"column":8},"end":{"line":199,"column":47}},"25":{"start":{"line":201,"column":8},"end":{"line":201,"column":41}},"26":{"start":{"line":221,"column":8},"end":{"line":221,"column":77}},"27":{"start":{"line":238,"column":8},"end":{"line":238,"column":41}},"28":{"start":{"line":239,"column":8},"end":{"line":239,"column":33}},"29":{"start":{"line":241,"column":8},"end":{"line":241,"column":65}},"30":{"start":{"line":266,"column":8},"end":{"line":266,"column":54}},"31":{"start":{"line":267,"column":8},"end":{"line":267,"column":62}},"32":{"start":{"line":269,"column":8},"end":{"line":269,"column":42}},"33":{"start":{"line":270,"column":8},"end":{"line":270,"column":33}},"34":{"start":{"line":271,"column":8},"end":{"line":271,"column":51}},"35":{"start":{"line":274,"column":8},"end":{"line":274,"column":37}},"36":{"start":{"line":275,"column":8},"end":{"line":275,"column":37}},"37":{"start":{"line":277,"column":8},"end":{"line":277,"column":70}},"38":{"start":{"line":278,"column":8},"end":{"line":278,"column":53}},"39":{"start":{"line":281,"column":8},"end":{"line":281,"column":72}},"40":{"start":{"line":282,"column":8},"end":{"line":282,"column":46}}},"branchMap":{"1":{"line":69,"type":"if","locations":[{"start":{"line":69,"column":30},"end":{"line":69,"column":45}},{"start":{"line":69,"column":49},"end":{"line":69,"column":64}}]},"2":{"line":104,"type":"if","locations":[{"start":{"line":104,"column":8},"end":{"line":104,"column":8}},{"start":{"line":104,"column":8},"end":{"line":104,"column":8}}]},"3":{"line":109,"type":"if","locations":[{"start":{"line":109,"column":8},"end":{"line":109,"column":8}},{"start":{"line":109,"column":8},"end":{"line":109,"column":8}}]},"4":{"line":117,"type":"if","locations":[{"start":{"line":117,"column":12},"end":{"line":117,"column":12}},{"start":{"line":117,"column":12},"end":{"line":117,"column":12}}]},"5":{"line":118,"type":"if","locations":[{"start":{"line":118,"column":16},"end":{"line":118,"column":16}},{"start":{"line":118,"column":16},"end":{"line":118,"column":16}}]},"6":{"line":123,"type":"if","locations":[{"start":{"line":123,"column":16},"end":{"line":123,"column":16}},{"start":{"line":123,"column":16},"end":{"line":123,"column":16}}]},"7":{"line":133,"type":"if","locations":[{"start":{"line":133,"column":8},"end":{"line":133,"column":8}},{"start":{"line":133,"column":8},"end":{"line":133,"column":8}}]},"8":{"line":176,"type":"if","locations":[{"start":{"line":176,"column":8},"end":{"line":176,"column":8}},{"start":{"line":176,"column":8},"end":{"line":176,"column":8}}]},"9":{"line":177,"type":"if","locations":[{"start":{"line":177,"column":8},"end":{"line":177,"column":8}},{"start":{"line":177,"column":8},"end":{"line":177,"column":8}}]},"10":{"line":186,"type":"if","locations":[{"start":{"line":186,"column":8},"end":{"line":186,"column":8}},{"start":{"line":186,"column":8},"end":{"line":186,"column":8}}]},"11":{"line":187,"type":"if","locations":[{"start":{"line":187,"column":8},"end":{"line":187,"column":8}},{"start":{"line":187,"column":8},"end":{"line":187,"column":8}}]},"12":{"line":221,"type":"if","locations":[{"start":{"line":221,"column":8},"end":{"line":221,"column":8}},{"start":{"line":221,"column":8},"end":{"line":221,"column":8}}]},"13":{"line":241,"type":"if","locations":[{"start":{"line":241,"column":8},"end":{"line":241,"column":8}},{"start":{"line":241,"column":8},"end":{"line":241,"column":8}}]},"14":{"line":266,"type":"if","locations":[{"start":{"line":266,"column":8},"end":{"line":266,"column":8}},{"start":{"line":266,"column":8},"end":{"line":266,"column":8}}]},"15":{"line":267,"type":"if","locations":[{"start":{"line":267,"column":8},"end":{"line":267,"column":8}},{"start":{"line":267,"column":8},"end":{"line":267,"column":8}}]},"16":{"line":271,"type":"if","locations":[{"start":{"line":271,"column":8},"end":{"line":271,"column":8}},{"start":{"line":271,"column":8},"end":{"line":271,"column":8}}]},"17":{"line":278,"type":"if","locations":[{"start":{"line":278,"column":8},"end":{"line":278,"column":8}},{"start":{"line":278,"column":8},"end":{"line":278,"column":8}}]}}},"contracts/Token.sol":{"l":{"14":3,"18":6},"path":"/home/fmalaspina/simpleswap-dapp/backend/contracts/Token.sol","s":{"1":3,"2":6},"b":{},"f":{"1":3,"2":6},"fnMap":{"1":{"name":"constructor","line":11,"loc":{"start":{"line":10,"column":4},"end":{"line":15,"column":4}}},"2":{"name":"mint","line":17,"loc":{"start":{"line":17,"column":4},"end":{"line":19,"column":4}}}},"statementMap":{"1":{"start":{"line":14,"column":8},"end":{"line":14,"column":35}},"2":{"start":{"line":18,"column":8},"end":{"line":18,"column":24}}},"branchMap":{}}}